Performing C SOURCE FILE Test CMAKE_HAVE_LIBC_PTHREAD failed with the following output:
Change Dir: /home/oh/桌面/A_SLAM/build/CMakeFiles/CMakeTmp

Run Build Command(s):/usr/bin/make cmTC_f3752/fast && /usr/bin/make -f CMakeFiles/cmTC_f3752.dir/build.make CMakeFiles/cmTC_f3752.dir/build
make[1]: 进入目录“/home/oh/桌面/A_SLAM/build/CMakeFiles/CMakeTmp”
Building C object CMakeFiles/cmTC_f3752.dir/src.c.o
/usr/bin/cc   -DCMAKE_HAVE_LIBC_PTHREAD   -o CMakeFiles/cmTC_f3752.dir/src.c.o   -c /home/oh/桌面/A_SLAM/build/CMakeFiles/CMakeTmp/src.c
Linking C executable cmTC_f3752
/usr/bin/cmake -E cmake_link_script CMakeFiles/cmTC_f3752.dir/link.txt --verbose=1
/usr/bin/cc  -DCMAKE_HAVE_LIBC_PTHREAD    -rdynamic CMakeFiles/cmTC_f3752.dir/src.c.o  -o cmTC_f3752 
/usr/bin/ld: CMakeFiles/cmTC_f3752.dir/src.c.o: in function `main':
src.c:(.text+0x46): undefined reference to `pthread_create'
/usr/bin/ld: src.c:(.text+0x52): undefined reference to `pthread_detach'
/usr/bin/ld: src.c:(.text+0x63): undefined reference to `pthread_join'
collect2: error: ld returned 1 exit status
make[1]: *** [CMakeFiles/cmTC_f3752.dir/build.make:87：cmTC_f3752] 错误 1
make[1]: 离开目录“/home/oh/桌面/A_SLAM/build/CMakeFiles/CMakeTmp”
make: *** [Makefile:121：cmTC_f3752/fast] 错误 2


Source file was:
#include <pthread.h>

void* test_func(void* data)
{
  return data;
}

int main(void)
{
  pthread_t thread;
  pthread_create(&thread, NULL, test_func, NULL);
  pthread_detach(thread);
  pthread_join(thread, NULL);
  pthread_atfork(NULL, NULL, NULL);
  pthread_exit(NULL);

  return 0;
}

Determining if the function pthread_create exists in the pthreads failed with the following output:
Change Dir: /home/oh/桌面/A_SLAM/build/CMakeFiles/CMakeTmp

Run Build Command(s):/usr/bin/make cmTC_7244f/fast && /usr/bin/make -f CMakeFiles/cmTC_7244f.dir/build.make CMakeFiles/cmTC_7244f.dir/build
make[1]: 进入目录“/home/oh/桌面/A_SLAM/build/CMakeFiles/CMakeTmp”
Building C object CMakeFiles/cmTC_7244f.dir/CheckFunctionExists.c.o
/usr/bin/cc   -DCHECK_FUNCTION_EXISTS=pthread_create   -o CMakeFiles/cmTC_7244f.dir/CheckFunctionExists.c.o   -c /usr/share/cmake-3.16/Modules/CheckFunctionExists.c
Linking C executable cmTC_7244f
/usr/bin/cmake -E cmake_link_script CMakeFiles/cmTC_7244f.dir/link.txt --verbose=1
/usr/bin/cc  -DCHECK_FUNCTION_EXISTS=pthread_create    -rdynamic CMakeFiles/cmTC_7244f.dir/CheckFunctionExists.c.o  -o cmTC_7244f  -lpthreads 
/usr/bin/ld: 找不到 -lpthreads
collect2: error: ld returned 1 exit status
make[1]: *** [CMakeFiles/cmTC_7244f.dir/build.make:87：cmTC_7244f] 错误 1
make[1]: 离开目录“/home/oh/桌面/A_SLAM/build/CMakeFiles/CMakeTmp”
make: *** [Makefile:121：cmTC_7244f/fast] 错误 2



Determining if the function sgemm_ exists failed with the following output:
Change Dir: /home/oh/桌面/A_SLAM/build/CMakeFiles/CMakeTmp

Run Build Command(s):/usr/bin/make cmTC_5862b/fast && /usr/bin/make -f CMakeFiles/cmTC_5862b.dir/build.make CMakeFiles/cmTC_5862b.dir/build
make[1]: 进入目录“/home/oh/桌面/A_SLAM/build/CMakeFiles/CMakeTmp”
Building C object CMakeFiles/cmTC_5862b.dir/CheckFunctionExists.c.o
/usr/bin/cc   -DCHECK_FUNCTION_EXISTS=sgemm_   -o CMakeFiles/cmTC_5862b.dir/CheckFunctionExists.c.o   -c /usr/share/cmake-3.16/Modules/CheckFunctionExists.c
Linking C executable cmTC_5862b
/usr/bin/cmake -E cmake_link_script CMakeFiles/cmTC_5862b.dir/link.txt --verbose=1
/usr/bin/cc   -DCHECK_FUNCTION_EXISTS=sgemm_    -rdynamic CMakeFiles/cmTC_5862b.dir/CheckFunctionExists.c.o  -o cmTC_5862b 
/usr/bin/ld: CMakeFiles/cmTC_5862b.dir/CheckFunctionExists.c.o: in function `main':
CheckFunctionExists.c:(.text+0x14): undefined reference to `sgemm_'
collect2: error: ld returned 1 exit status
make[1]: *** [CMakeFiles/cmTC_5862b.dir/build.make:87：cmTC_5862b] 错误 1
make[1]: 离开目录“/home/oh/桌面/A_SLAM/build/CMakeFiles/CMakeTmp”
make: *** [Makefile:121：cmTC_5862b/fast] 错误 2



Determining if the function cheev_ exists failed with the following output:
Change Dir: /home/oh/桌面/A_SLAM/build/CMakeFiles/CMakeTmp

Run Build Command(s):/usr/bin/make cmTC_654cf/fast && /usr/bin/make -f CMakeFiles/cmTC_654cf.dir/build.make CMakeFiles/cmTC_654cf.dir/build
make[1]: 进入目录“/home/oh/桌面/A_SLAM/build/CMakeFiles/CMakeTmp”
Building C object CMakeFiles/cmTC_654cf.dir/CheckFunctionExists.c.o
/usr/bin/cc   -DCHECK_FUNCTION_EXISTS=cheev_   -o CMakeFiles/cmTC_654cf.dir/CheckFunctionExists.c.o   -c /usr/share/cmake-3.16/Modules/CheckFunctionExists.c
Linking C executable cmTC_654cf
/usr/bin/cmake -E cmake_link_script CMakeFiles/cmTC_654cf.dir/link.txt --verbose=1
/usr/bin/cc   -DCHECK_FUNCTION_EXISTS=cheev_    -rdynamic CMakeFiles/cmTC_654cf.dir/CheckFunctionExists.c.o  -o cmTC_654cf  /usr/lib/x86_64-linux-gnu/libf77blas.so /usr/lib/x86_64-linux-gnu/libatlas.so 
/usr/bin/ld: CMakeFiles/cmTC_654cf.dir/CheckFunctionExists.c.o: in function `main':
CheckFunctionExists.c:(.text+0x14): undefined reference to `cheev_'
collect2: error: ld returned 1 exit status
make[1]: *** [CMakeFiles/cmTC_654cf.dir/build.make:89：cmTC_654cf] 错误 1
make[1]: 离开目录“/home/oh/桌面/A_SLAM/build/CMakeFiles/CMakeTmp”
make: *** [Makefile:121：cmTC_654cf/fast] 错误 2



